make.exe --dry-run --always-make --keep-going --print-directory
make: Entering directory 'c:/Users/Adam/Programowanie/C++/PROI/Projekt/Program'
g++ -g -std=c++20 -Wall tests/catch_config.cpp tests/catch.hpp -c
g++ -g -std=c++20 -Wall tests/test_acceleration.cpp events/AccelerationEvent.h base_classes/Team.h constants.h exceptions.h -c
g++ -g -std=c++20 -Wall tests/test_autocross.cpp events/AutocrossEvent.h base_classes/Team.h constants.h exceptions.h -c
g++ -g -std=c++20 -Wall base_classes/Event.cpp base_classes/Event.h constants.h base_classes/Team.h -c
g++ -g -std=c++20 -Wall base_classes/Team.h base_classes/Team.cpp exceptions.h -c
g++ -g -std=c++20 -Wall events/AccelerationEvent.cpp events/AccelerationEvent.h base_classes/Event.h base_classes/Team.h constants.h exceptions.h Event_tools.h -c
g++ -g -std=c++20 -Wall events/AutocrossEvent.cpp events/AutocrossEvent.h base_classes/Event.h base_classes/Team.h constants.h exceptions.h Event_tools.h -c
g++ -g -std=c++20 -Wall exceptions.h exceptions.cpp -c
g++ -g -std=c++20 -Wall Event_tools.h Event_tools.cpp base_classes/Team.h constants.h -c
g++ -g -std=c++20 -Wall tests/test_businessplan.cpp events/BusinessPlanEvent.h base_classes/Team.h constants.h exceptions.h -c
g++ -g -std=c++20 -Wall events/BusinessPlanEvent.cpp events/BusinessPlanEvent.h base_classes/Event.h base_classes/Team.h constants.h exceptions.h Event_tools.h -c
g++ -g -std=c++20 -Wall tests/test_cost_and_manufacturing.cpp events/CostAndManufacturingEvent.h base_classes/Team.h constants.h exceptions.h -c
 
g++ -g -std=c++20 -Wall events/CostAndManufacturingEvent.cpp events/CostAndManufacturingEvent.h base_classes/Event.h base_classes/Team.h constants.h exceptions.h Event_tools.h -c
g++ -g -std=c++20 -Wall tests/test_endurance.cpp events/EnduranceEvent.h base_classes/Team.h constants.h exceptions.h -c
g++ -g -std=c++20 -Wall events/EnduranceEvent.cpp events/EnduranceEvent.h base_classes/Event.h base_classes/Team.h constants.h exceptions.h Event_tools.h -c
g++ -g -std=c++20 -Wall tests/test_engineering_design.cpp events/EngineeringDesignEvent.h base_classes/Team.h constants.h exceptions.h -c
g++ -g -std=c++20 -Wall events/EngineeringDesignEvent.cpp events/EngineeringDesignEvent.h base_classes/Event.h base_classes/Team.h constants.h exceptions.h Event_tools.h -c
g++ -g -std=c++20 -Wall tests/test_event_functionalities.cpp Event_tools.h events/AccelerationEvent.h base_classes/Team.h constants.h exceptions.h -c
g++ -g -std=c++20 -Wall tests/test_skidpad.cpp events/SkidpadEvent.h base_classes/Team.h constants.h exceptions.h -c
g++ -g -std=c++20 -Wall events/SkidpadEvent.cpp events/SkidpadEvent.h base_classes/Event.h base_classes/Team.h constants.h exceptions.h Event_tools.h -c
g++ -g -std=c++20 -Wall events/SkidpadEvent.cpp events/SkidpadEvent.h base_classes/Event.h base_classes/Team.h constants.h exceptions.h Event_tools.h -c
g++ -g -std=c++20 -Wall catch_config.o test_acceleration.o test_autocross.o Event.o Team.o AccelerationEvent.o AutocrossEvent.o exceptions.o Event_tools.o test_businessplan.o BusinessPlanEvent.o test_cost_and_manufacturing.o CostAndManufacturingEvent.o test_endurance.o EnduranceEvent.o test_engineering_design.o EngineeringDesignEvent.o test_event_functionalities.o test_skidpad.o SkidpadEvent.o -o test
make: Leaving directory 'c:/Users/Adam/Programowanie/C++/PROI/Projekt/Program'
 
