make.exe all --print-data-base --no-builtin-variables --no-builtin-rules --question
make: *** No rule to make target 'all'.  Stop.

# GNU Make 4.3
# Built for Windows32
# Copyright (C) 1988-2020 Free Software Foundation, Inc.
# License GPLv3+: GNU GPL version 3 or later <http://gnu.org/licenses/gpl.html>
# This is free software: you are free to change and redistribute it.
# There is NO WARRANTY, to the extent permitted by law.
 

# Make data base, printed on Sat Jun 04 23:22:32 2022

# Variables

# environment
SYSTEMDRIVE = C:
# environment
LC_ALL = C
# environment
USERPROFILE = C:\Users\Adam
# environment
LOCALAPPDATA = C:\Users\Adam\AppData\Local
# environment
VSCODE_IPC_HOOK_EXTHOST = \\.\pipe\vscode-ipc-fe7e3439-da4b-4a79-8292-3a373bc29094-sock
# environment
VSCODE_CWD = C:\Users\Adam\AppData\Local\Programs\Microsoft VS Code
# environment
PYTHON = C:\Users\Adam\AppData\Roaming\Microsoft\Windows\Start Menu\Programs\Python 3.10\Scripts
# environment
CHOCOLATEYINSTALL = C:\ProgramData\chocolatey
# environment
SYSTEMROOT = C:\WINDOWS
# environment
PROCESSOR_LEVEL = 6
# environment
PSMODULEPATH = C:\Program Files\WindowsPowerShell\Modules;C:\WINDOWS\system32\WindowsPowerShell\v1.0\Modules;
# default
MAKE_COMMAND := C:/ProgramData/chocolatey/lib/make/tools/install/bin/make.exe
# automatic
@D = $(patsubst %/,%,$(patsubst %\,%,$(dir $@)))
# environment
CHROME_CRASHPAD_PIPE_NAME = \\.\pipe\crashpad_13240_TUGGLLZHIPTFYFBF
# environment
VSCODE_HANDLES_UNCAUGHT_ERRORS = true
# default
.VARIABLES := 
# automatic
%D = $(patsubst %/,%,$(patsubst %\,%,$(dir $%)))
# environment
SPLM_LICENSE_SERVER = 28000@licenses4.meil.pw.edu.pl
# automatic
^D = $(patsubst %/,%,$(patsubst %\,%,$(dir $^)))
# environment
VSCODE_LOG_STACK = false
# automatic
%F = $(notdir $%)
# environment
VSCODE_CODE_CACHE_PATH = C:\Users\Adam\AppData\Roaming\Code\CachedData\c3511e6c69bb39013c4a4b7b9566ec1ca73fc4d5
# environment
LANG = C
# default
.LOADED := 
# environment
TMP = C:\Users\Adam\AppData\Local\Temp
# default
.INCLUDE_DIRS = .
# environment
PROCESSOR_ARCHITEW6432 = AMD64
# makefile
MAKEFLAGS = pqrR
# environment
ONEDRIVE = C:\Users\Adam\OneDrive
# makefile
CURDIR := c:/Users/Adam/Programowanie/C++/PROI/Projekt/Program
# environment
VSCODE_PIPE_LOGGING = true
# environment
APPLICATION_INSIGHTS_NO_DIAGNOSTIC_CHANNEL = 1
# automatic
*D = $(patsubst %/,%,$(patsubst %\,%,$(dir $*)))
# environment
PROGRAMFILES = C:\Program Files (x86)
# environment
MFLAGS = -pqrR
# default
.SHELLFLAGS := -c
# environment
COMMONPROGRAMW6432 = C:\Program Files\Common Files
# automatic
+D = $(patsubst %/,%,$(patsubst %\,%,$(dir $+)))
# makefile (from 'Makefile', line 1)
MAKEFILE_LIST := Makefile
# automatic
@F = $(notdir $@)
# environment
VSCODE_VERBOSE_LOGGING = true
# environment
VSCODE_PID = 13240
# automatic
?D = $(patsubst %/,%,$(patsubst %\,%,$(dir $?)))
# automatic
*F = $(notdir $*)
# environment
UGII_LANG = english
# automatic
<D = $(patsubst %/,%,$(patsubst %\,%,$(dir $<)))
# environment
VSCODE_NLS_CONFIG = {"locale":"pl","availableLanguages":{"*":"pl"},"_languagePackId":"c8befbfa7cd5d8527d842a3af66dca21.pl","_translationsConfigFile":"C:\\Users\\Adam\\AppData\\Roaming\\Code\\clp\\c8befbfa7cd5d8527d842a3af66dca21.pl\\tcf.json","_cacheRoot":"C:\\Users\\Adam\\AppData\\Roaming\\Code\\clp\\c8befbfa7cd5d8527d842a3af66dca21.pl","_resolvedLanguagePackCoreLocation":"C:\\Users\\Adam\\AppData\\Roaming\\Code\\clp\\c8befbfa7cd5d8527d842a3af66dca21.pl\\c3511e6c69bb39013c4a4b7b9566ec1ca73fc4d5","_corruptedFile":"C:\\Users\\Adam\\AppData\\Roaming\\Code\\clp\\c8befbfa7cd5d8527d842a3af66dca21.pl\\corrupted.info","_languagePackSupport":true}
# environment
ONEDRIVECONSUMER = C:\Users\Adam\OneDrive
# default
MAKE_HOST := Windows32
# environment
PROGRAMDATA = C:\ProgramData
# default
SHELL := sh.exe
# environment
HOMEPATH = \Users\Adam
# default
MAKECMDGOALS := all
# environment
DRIVERDATA = C:\Windows\System32\Drivers\DriverData
# environment
COMSPEC = C:\WINDOWS\system32\cmd.exe
# environment
WINDIR = C:\WINDOWS
# environment
ESET_OPTIONS = $(subst ,,                                                                                                                                                                                                                                                                                                                                                                                                                                                                                                                               )
# environment
MAKELEVEL := 0
# default
MAKE = $(MAKE_COMMAND)
# environment
PATH = C:\PROGRA~2\Borland\CBUILD~1\Bin;C:\PROGRA~2\Borland\CBUILD~1\Projects\Bpl;C:\Users\Adam\AppData\Roaming\Microsoft\Windows\Start Menu\Programs\Python 3.10\Scripts;C:\WINDOWS\system32\WindowsPowerShell\v1.0\Modules;C:\WINDOWS\system32;C:\WINDOWS;C:\Windows\System32\WindowsPowerShell\v1.0;C:\Windows\System32\WindowsPowerShell\v1.0\Modules;C:\Program Files\Git\cmd;C:\Users\Adam\AppData\Local\Programs\Microsoft VS Code\bin;C:\Users\Adam\AppData\Local\Programs\Microsoft VS Code\bin;C:\Users\Adam\AppData\Roaming\Microsoft\Windows\Start Menu\Programs\Python 3.10\Scripts;C:\Users\Adam\AppData\Local\Programs\Python\Python310\Scripts;C:\msys64\mingw64\bin;C:\Program Files\MATLAB\R2021b\bin;C:\ProgramData\chocolatey\bin;C:\Users\Adam\AppData\Roaming\Microsoft\Windows\Start Menu\Programs\Python 3.10\Scripts;C:\Users\Adam\AppData\Local\Programs\Microsoft VS Code\bin;C:\Users\Adam\AppData\Local\Programs\Python\Python310\Scripts;C:\msys64\mingw64\bin;
# environment
COMPUTERNAME = ADAM-KOMPUTER
# default
MAKEFILES := 
# automatic
^F = $(notdir $^)
# environment
PROMPT = $P$G
# environment
CHOCOLATEYLASTPATHUPDATE = 132983318149047175
# environment
LOGONSERVER = \\ADAM-KOMPUTER
# environment
VSCODE_LOG_NATIVE = false
# environment
USERNAME = Adam
# environment
COMMONPROGRAMFILES = C:\Program Files (x86)\Common Files
# automatic
?F = $(notdir $?)
# environment
PROGRAMW6432 = C:\Program Files
# environment
PATHEXT = .COM;.EXE;.BAT;.CMD;.VBS;.VBE;.JS;.JSE;.WSF;.WSH;.MSC
# automatic
+F = $(notdir $+)
# environment
ORIGINAL_XDG_CURRENT_DESKTOP = undefined
# environment
USERDOMAIN = ADAM-KOMPUTER
# 'override' directive
GNUMAKEFLAGS := 
# environment
OS = Windows_NT
# makefile
.DEFAULT_GOAL := test
# default
MAKE_VERSION := 4.3
# environment
PROGRAMFILES(X86) = C:\Program Files (x86)
# environment
USERDOMAIN_ROAMINGPROFILE = ADAM-KOMPUTER
# environment
NUMBER_OF_PROCESSORS = 4
# environment
PUBLIC = C:\Users\Public
# environment
APPDATA = C:\Users\Adam\AppData\Roaming
# makefile (from 'Makefile', line 2)
CFLAGS := -g -std=c++20 -Wall
# environment
HOMEDRIVE = C:
# environment
PROCESSOR_ARCHITECTURE = x86
# environment
UGII_BASE_DIR = C:\Program Files\Siemens\NX1953
# environment
VSCODE_AMD_ENTRYPOINT = vs/workbench/api/node/extensionHostProcess
# environment
COMMONPROGRAMFILES(X86) = C:\Program Files (x86)\Common Files
# environment
ELECTRON_RUN_AS_NODE = 1
# environment
TEMP = C:\Users\Adam\AppData\Local\Temp
# environment
VSCODE_IPC_HOOK = \\.\pipe\960edf1ed550c5a578cf488641497e4c-1.67.2-main-sock
# default
.RECIPEPREFIX := 
# automatic
<F = $(notdir $<)
# default
SUFFIXES := 
# environment
ALLUSERSPROFILE = C:\ProgramData
# environment
SESSIONNAME = Console
# default
.FEATURES := target-specific order-only second-expansion else-if shortest-stem undefine oneshell nocomment grouped-target extra-prereqs archives jobserver output-sync load
# environment
PROCESSOR_REVISION = 4e03
# makefile (from 'Makefile', line 1)
CC := g++
# environment
PROCESSOR_IDENTIFIER = Intel64 Family 6 Model 78 Stepping 3, GenuineIntel
# variable set hash-table stats:
# Load=102/1024=10%, Rehash=0, Collisions=11/129=9%

# Pattern-specific Variable Values

# No pattern-specific variable values.

# Directories

# . (key c:/Users/Adam/Programowanie/C++/PROI/Projekt/Program, mtime 1654375865): 19 files, no impossibilities.

# 19 files, no impossibilities in 1 directories.

# Implicit Rules

# No implicit rules.

# Files

# Not a target:
constants.h:
#  Implicit rule search has not been done.
#  Modification time never checked.
#  File has not been updated.

test_endurance.o: tests/test_endurance.cpp events/EnduranceEvent.h base_classes/Team.h constants.h exceptions.h
#  Implicit rule search has not been done.
#  Modification time never checked.
#  File has not been updated.
#  recipe to execute (from 'Makefile', line 36):
	$(CC) $(CFLAGS) $^ -c

# Not a target:
tests/test_businessplan.cpp:
#  Implicit rule search has not been done.
#  Modification time never checked.
#  File has not been updated.

EngineeringDesignEvent.o: events/EngineeringDesignEvent.cpp events/EngineeringDesignEvent.h base_classes/Event.h base_classes/Team.h constants.h exceptions.h Event_tools.h
#  Implicit rule search has not been done.
#  Modification time never checked.
#  File has not been updated.
#  recipe to execute (from 'Makefile', line 42):
	$(CC) $(CFLAGS) $^ -c

# Not a target:
base_classes/Team.cpp:
#  Implicit rule search has not been done.
#  Modification time never checked.
#  File has not been updated.

# Not a target:
events/BusinessPlanEvent.h:
#  Implicit rule search has not been done.
#  Modification time never checked.
#  File has not been updated.

# Not a target:
tests/test_event_functionalities.cpp:
#  Implicit rule search has not been done.
#  Modification time never checked.
#  File has not been updated.

# Not a target:
base_classes/Event.cpp:
#  Implicit rule search has not been done.
#  Modification time never checked.
#  File has not been updated.

catch_config.o: tests/catch_config.cpp tests/catch.hpp
#  Implicit rule search has not been done.
#  Modification time never checked.
#  File has not been updated.
#  recipe to execute (from 'Makefile', line 16):
	$(CC) $(CFLAGS) $^ -c

# Not a target:
events/AccelerationEvent.h:
#  Implicit rule search has not been done.
#  Modification time never checked.
#  File has not been updated.

# Not a target:
events/SkidpadEvent.cpp:
#  Implicit rule search has not been done.
#  Modification time never checked.
#  File has not been updated.

# Not a target:
events/BusinessPlanEvent.cpp:
#  Implicit rule search has not been done.
#  Modification time never checked.
#  File has not been updated.

CostAndManufacturingEvent.o: events/CostAndManufacturingEvent.cpp events/CostAndManufacturingEvent.h base_classes/Event.h base_classes/Team.h constants.h exceptions.h Event_tools.h
#  Implicit rule search has not been done.
#  Modification time never checked.
#  File has not been updated.
#  recipe to execute (from 'Makefile', line 34):
	$(CC) $(CFLAGS) $^ -c

# Not a target:
tests/catch_config.cpp:
#  Implicit rule search has not been done.
#  Modification time never checked.
#  File has not been updated.

# Not a target:
tests/test_endurance.cpp:
#  Implicit rule search has not been done.
#  Modification time never checked.
#  File has not been updated.

AccelerationEvent.o: events/AccelerationEvent.cpp events/AccelerationEvent.h base_classes/Event.h base_classes/Team.h constants.h exceptions.h Event_tools.h
#  Implicit rule search has not been done.
#  Modification time never checked.
#  File has not been updated.
#  recipe to execute (from 'Makefile', line 14):
	$(CC) $(CFLAGS) $^ -c

# Not a target:
Makefile:
#  Implicit rule search has been done.
#  Last modified 2022-06-04 22:53:22
#  File has been updated.
#  Successfully updated.

# Not a target:
events/CostAndManufacturingEvent.cpp:
#  Implicit rule search has not been done.
#  Modification time never checked.
#  File has not been updated.

# Not a target:
tests/test_acceleration.cpp:
#  Implicit rule search has not been done.
#  Modification time never checked.
#  File has not been updated.

SkidpadEvent.o: events/SkidpadEvent.cpp events/SkidpadEvent.h base_classes/Event.h base_classes/Team.h constants.h exceptions.h Event_tools.h
#  Implicit rule search has not been done.
#  Modification time never checked.
#  File has not been updated.
#  recipe to execute (from 'Makefile', line 52):
	$(CC) $(CFLAGS) $^ -c
	$(CC) $(CFLAGS) $^ -c

# Not a target:
exceptions.cpp:
#  Implicit rule search has not been done.
#  Modification time never checked.
#  File has not been updated.

# Not a target:
Event_tools.cpp:
#  Implicit rule search has not been done.
#  Modification time never checked.
#  File has not been updated.

clean:
#  Implicit rule search has not been done.
#  Modification time never checked.
#  File has not been updated.
#  recipe to execute (from 'Makefile', line 64):
	del -f *.gch
	del -f *.o
	cd tests && del -f *.gch
	cd tests && del -f *.o
	cd events && del -f *.gch
	cd events && del -f *.o
	cd base_classes && del -f *.gch
	cd base_classes && del -f *.o
	del -f main
	del -f test.exe

exceptions.o: exceptions.h exceptions.cpp
#  Implicit rule search has not been done.
#  Modification time never checked.
#  File has not been updated.
#  recipe to execute (from 'Makefile', line 18):
	$(CC) $(CFLAGS) $^ -c

# Not a target:
Event_tools.h:
#  Implicit rule search has not been done.
#  Modification time never checked.
#  File has not been updated.

# Not a target:
events/EnduranceEvent.cpp:
#  Implicit rule search has not been done.
#  Modification time never checked.
#  File has not been updated.

Team.o: base_classes/Team.h base_classes/Team.cpp exceptions.h
#  Implicit rule search has not been done.
#  Modification time never checked.
#  File has not been updated.
#  recipe to execute (from 'Makefile', line 12):
	$(CC) $(CFLAGS) $^ -c

# Not a target:
events/EngineeringDesignEvent.h:
#  Implicit rule search has not been done.
#  Modification time never checked.
#  File has not been updated.

BusinessPlanEvent.o: events/BusinessPlanEvent.cpp events/BusinessPlanEvent.h base_classes/Event.h base_classes/Team.h constants.h exceptions.h Event_tools.h
#  Implicit rule search has not been done.
#  Modification time never checked.
#  File has not been updated.
#  recipe to execute (from 'Makefile', line 28):
	$(CC) $(CFLAGS) $^ -c

# Not a target:
tests/test_engineering_design.cpp:
#  Implicit rule search has not been done.
#  Modification time never checked.
#  File has not been updated.

# Not a target:
tests/test_cost_and_manufacturing.cpp:
#  Implicit rule search has not been done.
#  Modification time never checked.
#  File has not been updated.

# Not a target:
events/AutocrossEvent.h:
#  Implicit rule search has not been done.
#  Modification time never checked.
#  File has not been updated.

# Not a target:
exceptions.h:
#  Implicit rule search has not been done.
#  Modification time never checked.
#  File has not been updated.

EnduranceEvent.o: events/EnduranceEvent.cpp events/Endur 
anceEvent.h base_classes/Event.h base_classes/Team.h constants.h exceptions.h Event_tools.h
#  Implicit rule search has not been done.
#  Modification time never checked.
#  File has not been updated.
#  recipe to execute (from 'Makefile', line 38):
	$(CC) $(CFLAGS) $^ -c

test_event_functionalities.o: tests/test_event_functionalities.cpp Event_tools.h events/AccelerationEvent.h base_classes/Team.h constants.h exceptions.h
#  Implicit rule search has not been done.
#  Modification time never checked.
#  File has not been updated.
#  recipe to execute (from 'Makefile', line 44):
	$(CC) $(CFLAGS) $^ -c

# Not a target:
tests/test_autocross.cpp:
#  Implicit rule search has not been done.
#  Modification time never checked.
#  File has not been updated.

# Not a target:
.DEFAULT:
#  Implicit rule search has not been done.
#  Modification time never checked.
#  File has not been updated.

# Not a target:
events/SkidpadEvent.h:
#  Implicit rule search has not been done.
#  Modification time never checked.
#  File has not been updated.

AutocrossEvent.o: events/AutocrossEvent.cpp events/AutocrossEvent.h base_classes/Event.h base_classes/Team.h constants.h exceptions.h Event_tools.h
#  Implicit rule search has not been done.
#  Modification time never checked.
#  File has not been updated.
#  recipe to execute (from 'Makefile', line 24):
	$(CC) $(CFLAGS) $^ -c

# Not a target:
events/EngineeringDesignEvent.cpp:
#  Implicit rule search has not been done.
#  Modification time never checked.
#  File has not been updated.

# Not a target:
all:
#  Command line target.
#  Implicit rule search has been done.
#  File does not exist.
#  File has not been updated.

test_acceleration.o: tests/test_acceleration.cpp events/AccelerationEvent.h base_classes/Team.h constants.h exceptions.h
#  Implicit rule search has not been done.
#  Modification time never checked.
#  File has not been updated.
#  recipe to execute (from 'Makefile', line 8):
	$(CC) $(CFLAGS) $^ -c

Event_tools.o: Event_tools.h Event_tools.cpp base_classes/Team.h constants.h
#  Implicit rule search has not been done.
#  Modification time never checked.
#  File has not been updated.
#  recipe to execute (from 'Makefile', line 20):
	$(CC) $(CFLAGS) $^ -c

test_cost_and_manufacturing.o: tests/test_cost_and_manufacturing.cpp events/CostAndManufacturingEvent.h base_classes/Team.h constants.h exceptions.h
#  Implicit rule search has not been done.
#  Modification time never checked.
#  File has not been updated.
#  recipe to execute (from 'Makefile', line 32):
	$(CC) $(CFLAGS) $^ -c

test_businessplan.o: tests/test_businessplan.cpp events/BusinessPlanEvent.h base_classes/Team.h constants.h exceptions.h
#  Implicit rule search has not been done.
#  Modification time never checked.
#  File has not been updated.
#  recipe to execute (from 'Makefile', line 26):
	$(CC) $(CFLAGS) $^ -c

# Not a target:
events/AutocrossEvent.cpp:
#  Implicit rule search has not been done.
#  Modification time never checked.
#  File has not been updated.

test: catch_config.o test_acceleration.o test_autocross.o Event.o Team.o AccelerationEvent.o AutocrossEvent.o exceptions.o Event_tools.o test_businessplan.o BusinessPlanEvent.o test_cost_and_manufacturing.o CostAndManufacturingEvent.o test_endurance.o EnduranceEvent.o test_engineering_design.o EngineeringDesignEvent.o test_event_functionalities.o test_skidpad.o SkidpadEvent.o
#  Implicit rule search has not been done.
#  Modification time never checked.
#  File has not been updated.
#  recipe to execute (from 'Makefile', line 5):
	$(CC) $(CFLAGS) $^ -o $@

# Not a target:
base_classes/Event.h:
#  Implicit rule search has not been done.
#  Modification time never checked.
#  File has not been updated.

# Not a target:
base_classes/Team.h:
#  Implicit rule search has not been done.
#  Modification time never checked.
#  File has not been updated.

test_skidpad.o: tests/test_skidpad.cpp events/SkidpadEvent.h base_classes/Team.h constants.h exceptions.h
#  Implicit rule search has not been done.
#  Modification time never checked.
#  File has not been updated.
#  recipe to execute (from 'Makefile', line 50):
	$(CC) $(CFLAGS) $^ -c

# Not a target:
events/AccelerationEvent.cpp:
#  Implicit rule search has not been done.
#  Modification time never checked.
#  File has not been updated.

# Not a target:
events/CostAndManufacturingEvent.h:
#  Implicit rule search has not been done.
#  Modification time never checked.
#  File has not been updated.

test_autocross.o: tests/test_autocross.cpp events/AutocrossEvent.h base_classes/Team.h events/AutocrossEvent.h constants.h exceptions.h
#  Implicit rule search has not been done.
#  Modification time never checked.
#  File has not been updated.
#  recipe to execute (from 'Makefile', line 22):
	$(CC) $(CFLAGS) $^ -c

# Not a target:
events/EnduranceEvent.h:
#  Implicit rule search has not been done.
#  Modification time never checked.
#  File has not been updated.

# Not a target:
tests/catch.hpp:
#  Implicit rule search has not been done.
#  Modification time never checked.
#  File has not been updated.

test_engineering_design.o: tests/test_engineering_design.cpp events/EngineeringDesignEvent.h base_classes/Team.h constants.h exceptions.h
#  Implicit rule search has not been done.
#  Modification time never checked.
#  File has not been updated.
#  recipe to execute (from 'Makefile', line 40):
	$(CC) $(CFLAGS) $^ -c

Event.o: base_classes/Event.cpp base_classes/Event.h constants.h base_classes/Team.h
#  Implicit rule search has not been done.
#  Modification time never checked.
#  File has not been updated.
#  recipe to execute (from 'Makefile', line 10):
	$(CC) $(CFLAGS) $^ -c

# Not a target:
tests/test_skidpad.cpp:
#  Implicit rule search has not been done.
#  Modification time never checked.
#  File has not been updated.

# files hash-table stats:
# Load=59/1024=6%, Rehash=0, Collisions=0/215=0%
# VPATH Search Paths

# No 'vpath' search paths.

# No general ('VPATH' variable) search path.

# strcache buffers: 1 (0) / strings = 72 / storage = 1396 B / avg = 19 B
# current buf: size = 8174 B / used = 1396 B / count = 72 / avg = 19 B

# strcache performance: lookups = 196 / hit rate = 63%
# hash-table stats:
# Load=72/8192=1%, Rehash=0, Collisions=0/196=0%
# Finished Make data base on Sat Jun 04 23:22:32 2022

 
